[debug] [2020-12-20T18:05:19.839Z] ----------------------------------------------------------------------
[debug] [2020-12-20T18:05:19.842Z] Command:       C:\Program Files\nodejs\node.exe C:\Users\purwi\AppData\Roaming\npm\node_modules\firebase-tools\lib\bin\firebase.js emulators:start
[debug] [2020-12-20T18:05:19.842Z] CLI Version:   8.19.0
[debug] [2020-12-20T18:05:19.842Z] Platform:      win32
[debug] [2020-12-20T18:05:19.842Z] Node Version:  v12.16.0
[debug] [2020-12-20T18:05:19.843Z] Time:          Sun Dec 20 2020 19:05:19 GMT+0100 (GMT+01:00)
[debug] [2020-12-20T18:05:19.844Z] ----------------------------------------------------------------------
[debug] [2020-12-20T18:05:19.844Z] 
[debug] [2020-12-20T18:05:19.852Z] > command requires scopes: ["email","openid","https://www.googleapis.com/auth/cloudplatformprojects.readonly","https://www.googleapis.com/auth/firebase","https://www.googleapis.com/auth/cloud-platform"]
[debug] [2020-12-20T18:05:19.852Z] > authorizing via signed-in user
[info] i  emulators: Starting emulators: functions, hosting {"metadata":{"emulator":{"name":"hub"},"message":"Starting emulators: functions, hosting"}}
[debug] [2020-12-20T18:05:21.885Z] [hub] writing locator at C:\Users\purwi\AppData\Local\Temp\hub-clone-70200.json
[warn] !  functions: The following emulators are not running, calls to these services from the Functions emulator will affect production: auth, firestore, database, pubsub {"metadata":{"emulator":{"name":"functions"},"message":"The following emulators are not running, calls to these services from the Functions emulator will affect production: \u001b[1mauth, firestore, database, pubsub\u001b[22m"}}
[info] +  functions: Using node@12 from host. {"metadata":{"emulator":{"name":"functions"},"message":"Using node@12 from host."}}
[debug] [2020-12-20T18:05:23.974Z] defaultcredentials: writing to file C:\Users\purwi\AppData\Roaming\firebase\purwin_daniel_gmail.com_application_default_credentials.json
[debug] [2020-12-20T18:05:23.976Z] Setting GAC to C:\Users\purwi\AppData\Roaming\firebase\purwin_daniel_gmail.com_application_default_credentials.json {"metadata":{"emulator":{"name":"functions"},"message":"Setting GAC to C:\\Users\\purwi\\AppData\\Roaming\\firebase\\purwin_daniel_gmail.com_application_default_credentials.json"}}
[debug] [2020-12-20T18:05:26.011Z] >>> HTTP REQUEST GET https://firebase.googleapis.com/v1beta1/projects/clone-70200/webApps/-/config  
 
[debug] [2020-12-20T18:05:26.951Z] <<< HTTP RESPONSE 200 {"content-type":"application/json; charset=UTF-8","vary":"X-Origin, Referer, Origin,Accept-Encoding","date":"Sun, 20 Dec 2020 18:05:29 GMT","server":"ESF","cache-control":"private","x-xss-protection":"0","x-frame-options":"SAMEORIGIN","x-content-type-options":"nosniff","alt-svc":"h3-29=\":443\"; ma=2592000,h3-T051=\":443\"; ma=2592000,h3-Q050=\":443\"; ma=2592000,h3-Q046=\":443\"; ma=2592000,h3-Q043=\":443\"; ma=2592000,quic=\":443\"; ma=2592000; v=\"46,43\"","accept-ranges":"none","transfer-encoding":"chunked"}
[info] i  hosting: Serving hosting files from: build {"metadata":{"emulator":{"name":"hosting"},"message":"Serving hosting files from: \u001b[1mbuild\u001b[22m"}}
[info] +  hosting: Local server: http://localhost:5000 {"metadata":{"emulator":{"name":"hosting"},"message":"Local server: \u001b[4m\u001b[1mhttp://localhost:5000\u001b[22m\u001b[24m"}}
[debug] [2020-12-20T18:05:31.046Z] Ignoring unsupported arg: auto_download {"metadata":{"emulator":{"name":"ui"},"message":"Ignoring unsupported arg: auto_download"}}
[debug] [2020-12-20T18:05:31.046Z] Ignoring unsupported arg: port {"metadata":{"emulator":{"name":"ui"},"message":"Ignoring unsupported arg: port"}}
[debug] [2020-12-20T18:05:31.047Z] Starting Emulator UI with command {"binary":"node","args":["C:\\Users\\purwi\\.cache\\firebase\\emulators\\ui-v1.3.0\\server.bundle.js"],"optionalArgs":[],"joinArgs":false} {"metadata":{"emulator":{"name":"ui"},"message":"Starting Emulator UI with command {\"binary\":\"node\",\"args\":[\"C:\\\\Users\\\\purwi\\\\.cache\\\\firebase\\\\emulators\\\\ui-v1.3.0\\\\server.bundle.js\"],\"optionalArgs\":[],\"joinArgs\":false}"}}
[info] i  ui: Emulator UI logging to ui-debug.log {"metadata":{"emulator":{"name":"ui"},"message":"Emulator UI logging to \u001b[1mui-debug.log\u001b[22m"}}
[debug] [2020-12-20T18:05:31.178Z] Web / API server started at http://localhost:4000
 {"metadata":{"emulator":{"name":"ui"},"message":"Web / API server started at http://localhost:4000\n"}}
[info] i  functions: Watching "C:\Users\purwi\Desktop\projekt\amazon-clone\functions" for Cloud Functions... {"metadata":{"emulator":{"name":"functions"},"message":"Watching \"C:\\Users\\purwi\\Desktop\\projekt\\amazon-clone\\functions\" for Cloud Functions..."}}
[debug] [2020-12-20T18:05:31.576Z] [worker-pool] addWorker(~diagnostic~) {"metadata":{"emulator":{"name":"functions"},"message":"[worker-pool] addWorker(~diagnostic~)"}}
[debug] [2020-12-20T18:05:31.576Z] [worker-pool] Adding worker with key ~diagnostic~, total=1 {"metadata":{"emulator":{"name":"functions"},"message":"[worker-pool] Adding worker with key ~diagnostic~, total=1"}}
[debug] [2020-12-20T18:05:31.576Z] [worker-pool] submitWork(triggerId=) {"metadata":{"emulator":{"name":"functions"},"message":"[worker-pool] submitWork(triggerId=)"}}
[debug] [2020-12-20T18:05:31.577Z] [worker-~diagnostic~-42531b74-f2ac-4a49-8df8-3b00377e6da7]: Assigning socketPath: \\?\pipe\C:\Users\purwi\Desktop\projekt\amazon-clone\functions\7372 {"metadata":{"emulator":{"name":"functions"},"message":"[worker-~diagnostic~-42531b74-f2ac-4a49-8df8-3b00377e6da7]: Assigning socketPath: \\\\?\\pipe\\C:\\Users\\purwi\\Desktop\\projekt\\amazon-clone\\functions\\7372"}}
[debug] [2020-12-20T18:05:31.578Z] [worker-~diagnostic~-42531b74-f2ac-4a49-8df8-3b00377e6da7]: BUSY {"metadata":{"emulator":{"name":"functions"},"message":"[worker-~diagnostic~-42531b74-f2ac-4a49-8df8-3b00377e6da7]: BUSY"}}
[debug] [2020-12-20T18:05:31.794Z] [runtime-status] [7372] Functions runtime initialized. {"cwd":"C:\\Users\\purwi\\Desktop\\projekt\\amazon-clone\\functions","node_version":"12.16.0"} {"metadata":{"emulator":{"name":"functions"},"message":"[runtime-status] [7372] Functions runtime initialized. {\"cwd\":\"C:\\\\Users\\\\purwi\\\\Desktop\\\\projekt\\\\amazon-clone\\\\functions\",\"node_version\":\"12.16.0\"}"}}
[debug] [2020-12-20T18:05:31.794Z] [runtime-status] [7372] Disabled runtime features: undefined {"metadata":{"emulator":{"name":"functions"},"message":"[runtime-status] [7372] Disabled runtime features: undefined"}}
[debug] [2020-12-20T18:05:31.798Z] [runtime-status] [7372] Resolved module firebase-admin {"declared":true,"installed":true,"version":"9.4.2","resolution":"C:\\Users\\purwi\\Desktop\\projekt\\amazon-clone\\functions\\node_modules\\firebase-admin\\lib\\index.js"} {"metadata":{"emulator":{"name":"functions"},"message":"[runtime-status] [7372] Resolved module firebase-admin {\"declared\":true,\"installed\":true,\"version\":\"9.4.2\",\"resolution\":\"C:\\\\Users\\\\purwi\\\\Desktop\\\\projekt\\\\amazon-clone\\\\functions\\\\node_modules\\\\firebase-admin\\\\lib\\\\index.js\"}"}}
[debug] [2020-12-20T18:05:31.799Z] [runtime-status] [7372] Resolved module firebase-functions {"declared":true,"installed":true,"version":"3.13.0","resolution":"C:\\Users\\purwi\\Desktop\\projekt\\amazon-clone\\functions\\node_modules\\firebase-functions\\lib\\index.js"} {"metadata":{"emulator":{"name":"functions"},"message":"[runtime-status] [7372] Resolved module firebase-functions {\"declared\":true,\"installed\":true,\"version\":\"3.13.0\",\"resolution\":\"C:\\\\Users\\\\purwi\\\\Desktop\\\\projekt\\\\amazon-clone\\\\functions\\\\node_modules\\\\firebase-functions\\\\lib\\\\index.js\"}"}}
[debug] [2020-12-20T18:05:31.800Z] [runtime-status] [7372] Resolved module firebase-functions {"declared":true,"installed":true,"version":"3.13.0","resolution":"C:\\Users\\purwi\\Desktop\\projekt\\amazon-clone\\functions\\node_modules\\firebase-functions\\lib\\index.js"} {"metadata":{"emulator":{"name":"functions"},"message":"[runtime-status] [7372] Resolved module firebase-functions {\"declared\":true,\"installed\":true,\"version\":\"3.13.0\",\"resolution\":\"C:\\\\Users\\\\purwi\\\\Desktop\\\\projekt\\\\amazon-clone\\\\functions\\\\node_modules\\\\firebase-functions\\\\lib\\\\index.js\"}"}}
[debug] [2020-12-20T18:05:31.802Z] [runtime-status] [7372] Outgoing network have been stubbed. [{"name":"http","status":"mocked"},{"name":"http","status":"mocked"},{"name":"https","status":"mocked"},{"name":"https","status":"mocked"},{"name":"net","status":"mocked"}] {"metadata":{"emulator":{"name":"functions"},"message":"[runtime-status] [7372] Outgoing network have been stubbed. [{\"name\":\"http\",\"status\":\"mocked\"},{\"name\":\"http\",\"status\":\"mocked\"},{\"name\":\"https\",\"status\":\"mocked\"},{\"name\":\"https\",\"status\":\"mocked\"},{\"name\":\"net\",\"status\":\"mocked\"}]"}}
[debug] [2020-12-20T18:05:31.804Z] [runtime-status] [7372] Resolved module firebase-functions {"declared":true,"installed":true,"version":"3.13.0","resolution":"C:\\Users\\purwi\\Desktop\\projekt\\amazon-clone\\functions\\node_modules\\firebase-functions\\lib\\index.js"} {"metadata":{"emulator":{"name":"functions"},"message":"[runtime-status] [7372] Resolved module firebase-functions {\"declared\":true,\"installed\":true,\"version\":\"3.13.0\",\"resolution\":\"C:\\\\Users\\\\purwi\\\\Desktop\\\\projekt\\\\amazon-clone\\\\functions\\\\node_modules\\\\firebase-functions\\\\lib\\\\index.js\"}"}}
[debug] [2020-12-20T18:05:31.848Z] [runtime-status] [7372] Checked functions.config() {"config":{}} {"metadata":{"emulator":{"name":"functions"},"message":"[runtime-status] [7372] Checked functions.config() {\"config\":{}}"}}
[debug] [2020-12-20T18:05:31.848Z] [runtime-status] [7372] firebase-functions has been stubbed. {"functionsResolution":{"declared":true,"installed":true,"version":"3.13.0","resolution":"C:\\Users\\purwi\\Desktop\\projekt\\amazon-clone\\functions\\node_modules\\firebase-functions\\lib\\index.js"}} {"metadata":{"emulator":{"name":"functions"},"message":"[runtime-status] [7372] firebase-functions has been stubbed. {\"functionsResolution\":{\"declared\":true,\"installed\":true,\"version\":\"3.13.0\",\"resolution\":\"C:\\\\Users\\\\purwi\\\\Desktop\\\\projekt\\\\amazon-clone\\\\functions\\\\node_modules\\\\firebase-functions\\\\lib\\\\index.js\"}}"}}
[debug] [2020-12-20T18:05:31.849Z] [runtime-status] [7372] Resolved module firebase-functions {"declared":true,"installed":true,"version":"3.13.0","resolution":"C:\\Users\\purwi\\Desktop\\projekt\\amazon-clone\\functions\\node_modules\\firebase-functions\\lib\\index.js"} {"metadata":{"emulator":{"name":"functions"},"message":"[runtime-status] [7372] Resolved module firebase-functions {\"declared\":true,\"installed\":true,\"version\":\"3.13.0\",\"resolution\":\"C:\\\\Users\\\\purwi\\\\Desktop\\\\projekt\\\\amazon-clone\\\\functions\\\\node_modules\\\\firebase-functions\\\\lib\\\\index.js\"}"}}
[debug] [2020-12-20T18:05:31.850Z] [runtime-status] [7372] Resolved module firebase-admin {"declared":true,"installed":true,"version":"9.4.2","resolution":"C:\\Users\\purwi\\Desktop\\projekt\\amazon-clone\\functions\\node_modules\\firebase-admin\\lib\\index.js"} {"metadata":{"emulator":{"name":"functions"},"message":"[runtime-status] [7372] Resolved module firebase-admin {\"declared\":true,\"installed\":true,\"version\":\"9.4.2\",\"resolution\":\"C:\\\\Users\\\\purwi\\\\Desktop\\\\projekt\\\\amazon-clone\\\\functions\\\\node_modules\\\\firebase-admin\\\\lib\\\\index.js\"}"}}
[debug] [2020-12-20T18:05:31.850Z] [runtime-status] [7372] Resolved module firebase-functions {"declared":true,"installed":true,"version":"3.13.0","resolution":"C:\\Users\\purwi\\Desktop\\projekt\\amazon-clone\\functions\\node_modules\\firebase-functions\\lib\\index.js"} {"metadata":{"emulator":{"name":"functions"},"message":"[runtime-status] [7372] Resolved module firebase-functions {\"declared\":true,\"installed\":true,\"version\":\"3.13.0\",\"resolution\":\"C:\\\\Users\\\\purwi\\\\Desktop\\\\projekt\\\\amazon-clone\\\\functions\\\\node_modules\\\\firebase-functions\\\\lib\\\\index.js\"}"}}
[debug] [2020-12-20T18:05:31.851Z] [runtime-status] [7372] firebase-admin has been stubbed. {"adminResolution":{"declared":true,"installed":true,"version":"9.4.2","resolution":"C:\\Users\\purwi\\Desktop\\projekt\\amazon-clone\\functions\\node_modules\\firebase-admin\\lib\\index.js"}} {"metadata":{"emulator":{"name":"functions"},"message":"[runtime-status] [7372] firebase-admin has been stubbed. {\"adminResolution\":{\"declared\":true,\"installed\":true,\"version\":\"9.4.2\",\"resolution\":\"C:\\\\Users\\\\purwi\\\\Desktop\\\\projekt\\\\amazon-clone\\\\functions\\\\node_modules\\\\firebase-admin\\\\lib\\\\index.js\"}}"}}
[info] +  functions[api]: http function initialized (http://localhost:5001/clone-70200/us-central1/api). {"metadata":{"emulator":{"name":"functions"},"message":"\u001b[1mhttp\u001b[22m function initialized (http://localhost:5001/clone-70200/us-central1/api)."}}
[info] 
┌────────────────────────────────────────────────────────────────┐
│ ✔  All emulators ready! View status and logs at localhost:4000 │
└────────────────────────────────────────────────────────────────┘

┌───────────┬────────────────┬──────────────────────────┐
│ Emulator  │ Host:Port      │ View in Emulator UI      │
├───────────┼────────────────┼──────────────────────────┤
│ Functions │ localhost:5001 │ localhost:4000/functions │
├───────────┼────────────────┼──────────────────────────┤
│ Hosting   │ localhost:5000 │ n/a                      │
└───────────┴────────────────┴──────────────────────────┘
  Other reserved ports: 4400, 4500

Issues? Report them at https://github.com/firebase/firebase-tools/issues and attach the *-debug.log files.
 
[debug] [2020-12-20T18:05:32.144Z] [worker-~diagnostic~-42531b74-f2ac-4a49-8df8-3b00377e6da7]: IDLE {"metadata":{"emulator":{"name":"functions"},"message":"[worker-~diagnostic~-42531b74-f2ac-4a49-8df8-3b00377e6da7]: IDLE"}}
[debug] [2020-12-20T18:06:04.688Z] [work-queue] {"queueLength":1,"workRunningCount":0}
[debug] [2020-12-20T18:06:04.689Z] [work-queue] {"queueLength":0,"workRunningCount":1}
[debug] [2020-12-20T18:06:04.689Z] Accepted request POST /clone-70200/us-central1/api/payments/create?total=29999 --> api
[debug] [2020-12-20T18:06:04.693Z] [worker-pool] addWorker(api) {"metadata":{"emulator":{"name":"functions"},"message":"[worker-pool] addWorker(api)"}}
[debug] [2020-12-20T18:06:04.694Z] [worker-pool] Adding worker with key api, total=1 {"metadata":{"emulator":{"name":"functions"},"message":"[worker-pool] Adding worker with key api, total=1"}}
[debug] [2020-12-20T18:06:04.694Z] [worker-pool] submitWork(triggerId=api) {"metadata":{"emulator":{"name":"functions"},"message":"[worker-pool] submitWork(triggerId=api)"}}
[debug] [2020-12-20T18:06:04.694Z] [worker-api-1954c85c-3377-42e3-b8c7-5363229afa38]: Assigning socketPath: \\?\pipe\C:\Users\purwi\Desktop\projekt\amazon-clone\functions\15904 {"metadata":{"emulator":{"name":"functions"},"message":"[worker-api-1954c85c-3377-42e3-b8c7-5363229afa38]: Assigning socketPath: \\\\?\\pipe\\C:\\Users\\purwi\\Desktop\\projekt\\amazon-clone\\functions\\15904"}}
[debug] [2020-12-20T18:06:04.695Z] [worker-api-1954c85c-3377-42e3-b8c7-5363229afa38]: BUSY {"metadata":{"emulator":{"name":"functions"},"message":"[worker-api-1954c85c-3377-42e3-b8c7-5363229afa38]: BUSY"}}
[debug] [2020-12-20T18:06:04.890Z] [runtime-status] [15904] Functions runtime initialized. {"cwd":"C:\\Users\\purwi\\Desktop\\projekt\\amazon-clone\\functions","node_version":"12.16.0"} {"metadata":{"emulator":{"name":"functions"},"function":{"name":"api"},"message":"[runtime-status] [15904] Functions runtime initialized. {\"cwd\":\"C:\\\\Users\\\\purwi\\\\Desktop\\\\projekt\\\\amazon-clone\\\\functions\",\"node_version\":\"12.16.0\"}"}}
[debug] [2020-12-20T18:06:04.891Z] [runtime-status] [15904] Disabled runtime features: undefined {"metadata":{"emulator":{"name":"functions"},"function":{"name":"api"},"message":"[runtime-status] [15904] Disabled runtime features: undefined"}}
[debug] [2020-12-20T18:06:04.895Z] [runtime-status] [15904] Resolved module firebase-admin {"declared":true,"installed":true,"version":"9.4.2","resolution":"C:\\Users\\purwi\\Desktop\\projekt\\amazon-clone\\functions\\node_modules\\firebase-admin\\lib\\index.js"} {"metadata":{"emulator":{"name":"functions"},"function":{"name":"api"},"message":"[runtime-status] [15904] Resolved module firebase-admin {\"declared\":true,\"installed\":true,\"version\":\"9.4.2\",\"resolution\":\"C:\\\\Users\\\\purwi\\\\Desktop\\\\projekt\\\\amazon-clone\\\\functions\\\\node_modules\\\\firebase-admin\\\\lib\\\\index.js\"}"}}
[debug] [2020-12-20T18:06:04.898Z] [runtime-status] [15904] Resolved module firebase-functions {"declared":true,"installed":true,"version":"3.13.0","resolution":"C:\\Users\\purwi\\Desktop\\projekt\\amazon-clone\\functions\\node_modules\\firebase-functions\\lib\\index.js"} {"metadata":{"emulator":{"name":"functions"},"function":{"name":"api"},"message":"[runtime-status] [15904] Resolved module firebase-functions {\"declared\":true,\"installed\":true,\"version\":\"3.13.0\",\"resolution\":\"C:\\\\Users\\\\purwi\\\\Desktop\\\\projekt\\\\amazon-clone\\\\functions\\\\node_modules\\\\firebase-functions\\\\lib\\\\index.js\"}"}}
[debug] [2020-12-20T18:06:04.899Z] [runtime-status] [15904] Resolved module firebase-functions {"declared":true,"installed":true,"version":"3.13.0","resolution":"C:\\Users\\purwi\\Desktop\\projekt\\amazon-clone\\functions\\node_modules\\firebase-functions\\lib\\index.js"} {"metadata":{"emulator":{"name":"functions"},"function":{"name":"api"},"message":"[runtime-status] [15904] Resolved module firebase-functions {\"declared\":true,\"installed\":true,\"version\":\"3.13.0\",\"resolution\":\"C:\\\\Users\\\\purwi\\\\Desktop\\\\projekt\\\\amazon-clone\\\\functions\\\\node_modules\\\\firebase-functions\\\\lib\\\\index.js\"}"}}
[debug] [2020-12-20T18:06:04.901Z] [runtime-status] [15904] Outgoing network have been stubbed. [{"name":"http","status":"mocked"},{"name":"http","status":"mocked"},{"name":"https","status":"mocked"},{"name":"https","status":"mocked"},{"name":"net","status":"mocked"}] {"metadata":{"emulator":{"name":"functions"},"function":{"name":"api"},"message":"[runtime-status] [15904] Outgoing network have been stubbed. [{\"name\":\"http\",\"status\":\"mocked\"},{\"name\":\"http\",\"status\":\"mocked\"},{\"name\":\"https\",\"status\":\"mocked\"},{\"name\":\"https\",\"status\":\"mocked\"},{\"name\":\"net\",\"status\":\"mocked\"}]"}}
[debug] [2020-12-20T18:06:04.902Z] [runtime-status] [15904] Resolved module firebase-functions {"declared":true,"installed":true,"version":"3.13.0","resolution":"C:\\Users\\purwi\\Desktop\\projekt\\amazon-clone\\functions\\node_modules\\firebase-functions\\lib\\index.js"} {"metadata":{"emulator":{"name":"functions"},"function":{"name":"api"},"message":"[runtime-status] [15904] Resolved module firebase-functions {\"declared\":true,\"installed\":true,\"version\":\"3.13.0\",\"resolution\":\"C:\\\\Users\\\\purwi\\\\Desktop\\\\projekt\\\\amazon-clone\\\\functions\\\\node_modules\\\\firebase-functions\\\\lib\\\\index.js\"}"}}
[debug] [2020-12-20T18:06:04.947Z] [runtime-status] [15904] Checked functions.config() {"config":{}} {"metadata":{"emulator":{"name":"functions"},"function":{"name":"api"},"message":"[runtime-status] [15904] Checked functions.config() {\"config\":{}}"}}
[debug] [2020-12-20T18:06:04.948Z] [runtime-status] [15904] firebase-functions has been stubbed. {"functionsResolution":{"declared":true,"installed":true,"version":"3.13.0","resolution":"C:\\Users\\purwi\\Desktop\\projekt\\amazon-clone\\functions\\node_modules\\firebase-functions\\lib\\index.js"}} {"metadata":{"emulator":{"name":"functions"},"function":{"name":"api"},"message":"[runtime-status] [15904] firebase-functions has been stubbed. {\"functionsResolution\":{\"declared\":true,\"installed\":true,\"version\":\"3.13.0\",\"resolution\":\"C:\\\\Users\\\\purwi\\\\Desktop\\\\projekt\\\\amazon-clone\\\\functions\\\\node_modules\\\\firebase-functions\\\\lib\\\\index.js\"}}"}}
[debug] [2020-12-20T18:06:04.948Z] [runtime-status] [15904] Resolved module firebase-functions {"declared":true,"installed":true,"version":"3.13.0","resolution":"C:\\Users\\purwi\\Desktop\\projekt\\amazon-clone\\functions\\node_modules\\firebase-functions\\lib\\index.js"} {"metadata":{"emulator":{"name":"functions"},"function":{"name":"api"},"message":"[runtime-status] [15904] Resolved module firebase-functions {\"declared\":true,\"installed\":true,\"version\":\"3.13.0\",\"resolution\":\"C:\\\\Users\\\\purwi\\\\Desktop\\\\projekt\\\\amazon-clone\\\\functions\\\\node_modules\\\\firebase-functions\\\\lib\\\\index.js\"}"}}
[debug] [2020-12-20T18:06:04.949Z] [runtime-status] [15904] Resolved module firebase-admin {"declared":true,"installed":true,"version":"9.4.2","resolution":"C:\\Users\\purwi\\Desktop\\projekt\\amazon-clone\\functions\\node_modules\\firebase-admin\\lib\\index.js"} {"metadata":{"emulator":{"name":"functions"},"function":{"name":"api"},"message":"[runtime-status] [15904] Resolved module firebase-admin {\"declared\":true,\"installed\":true,\"version\":\"9.4.2\",\"resolution\":\"C:\\\\Users\\\\purwi\\\\Desktop\\\\projekt\\\\amazon-clone\\\\functions\\\\node_modules\\\\firebase-admin\\\\lib\\\\index.js\"}"}}
[debug] [2020-12-20T18:06:04.950Z] [runtime-status] [15904] Resolved module firebase-functions {"declared":true,"installed":true,"version":"3.13.0","resolution":"C:\\Users\\purwi\\Desktop\\projekt\\amazon-clone\\functions\\node_modules\\firebase-functions\\lib\\index.js"} {"metadata":{"emulator":{"name":"functions"},"function":{"name":"api"},"message":"[runtime-status] [15904] Resolved module firebase-functions {\"declared\":true,\"installed\":true,\"version\":\"3.13.0\",\"resolution\":\"C:\\\\Users\\\\purwi\\\\Desktop\\\\projekt\\\\amazon-clone\\\\functions\\\\node_modules\\\\firebase-functions\\\\lib\\\\index.js\"}"}}
[debug] [2020-12-20T18:06:04.950Z] [runtime-status] [15904] firebase-admin has been stubbed. {"adminResolution":{"declared":true,"installed":true,"version":"9.4.2","resolution":"C:\\Users\\purwi\\Desktop\\projekt\\amazon-clone\\functions\\node_modules\\firebase-admin\\lib\\index.js"}} {"metadata":{"emulator":{"name":"functions"},"function":{"name":"api"},"message":"[runtime-status] [15904] firebase-admin has been stubbed. {\"adminResolution\":{\"declared\":true,\"installed\":true,\"version\":\"9.4.2\",\"resolution\":\"C:\\\\Users\\\\purwi\\\\Desktop\\\\projekt\\\\amazon-clone\\\\functions\\\\node_modules\\\\firebase-admin\\\\lib\\\\index.js\"}}"}}
[debug] [2020-12-20T18:06:05.107Z] [runtime-status] [15904] Trigger "api" has been found, beginning invocation! {"metadata":{"emulator":{"name":"functions"},"function":{"name":"api"},"message":"[runtime-status] [15904] Trigger \"api\" has been found, beginning invocation!"}}
[info] i  functions: Beginning execution of "api" {"metadata":{"emulator":{"name":"functions"},"function":{"name":"api"},"message":"Beginning execution of \"api\""}}
[debug] [2020-12-20T18:06:05.110Z] [runtime-status] [15904] triggerDefinition {"httpsTrigger":{},"name":"api","entryPoint":"api"} {"metadata":{"emulator":{"name":"functions"},"function":{"name":"api"},"message":"[runtime-status] [15904] triggerDefinition {\"httpsTrigger\":{},\"name\":\"api\",\"entryPoint\":\"api\"}"}}
[debug] [2020-12-20T18:06:05.110Z] [runtime-status] [15904] Running api in mode HTTPS {"metadata":{"emulator":{"name":"functions"},"function":{"name":"api"},"message":"[runtime-status] [15904] Running api in mode HTTPS"}}
[debug] [2020-12-20T18:06:05.113Z] [runtime-status] [15904] Attempting to listen to socketPath: \\?\pipe\C:\Users\purwi\Desktop\projekt\amazon-clone\functions\15904 {"metadata":{"emulator":{"name":"functions"},"function":{"name":"api"},"message":"[runtime-status] [15904] Attempting to listen to socketPath: \\\\?\\pipe\\C:\\Users\\purwi\\Desktop\\projekt\\amazon-clone\\functions\\15904"}}
[debug] [2020-12-20T18:06:05.115Z] [functions] Runtime ready! Sending request! {"metadata":{"emulator":{"name":"functions"},"message":"[functions] Runtime ready! Sending request!"}}
[debug] [2020-12-20T18:06:05.126Z] [runtime-status] [15904] Ephemeral server handling POST request {"metadata":{"emulator":{"name":"functions"},"function":{"name":"api"},"message":"[runtime-status] [15904] Ephemeral server handling POST request"}}
[info] >  Payment request for an amount ->  29999 {"user":"Payment request for an amount ->  29999","metadata":{"emulator":{"name":"functions"},"function":{"name":"api"},"message":"\u001b[90m> \u001b[39m Payment request for an amount ->  29999"}}
[debug] [2020-12-20T18:06:05.143Z] [runtime-status] [15904] Ephemeral server survived. {"metadata":{"emulator":{"name":"functions"},"function":{"name":"api"},"message":"[runtime-status] [15904] Ephemeral server survived."}}
[info] i  functions: Finished "api" in ~1s {"metadata":{"emulator":{"name":"functions"},"function":{"name":"api"},"message":"Finished \"api\" in ~1s"}}
[debug] [2020-12-20T18:06:05.672Z] [worker-api-1954c85c-3377-42e3-b8c7-5363229afa38]: IDLE {"metadata":{"emulator":{"name":"functions"},"message":"[worker-api-1954c85c-3377-42e3-b8c7-5363229afa38]: IDLE"}}
[debug] [2020-12-20T18:06:05.673Z] [work-queue] {"queueLength":0,"workRunningCount":0}
[debug] [2020-12-20T18:06:59.284Z] [work-queue] {"queueLength":1,"workRunningCount":0}
[debug] [2020-12-20T18:06:59.284Z] [work-queue] {"queueLength":0,"workRunningCount":1}
[debug] [2020-12-20T18:06:59.284Z] Accepted request GET /clone-70200/us-central1/api --> api
[debug] [2020-12-20T18:06:59.284Z] [worker-pool] submitWork(triggerId=api) {"metadata":{"emulator":{"name":"functions"},"message":"[worker-pool] submitWork(triggerId=api)"}}
[debug] [2020-12-20T18:06:59.284Z] [worker-api-1954c85c-3377-42e3-b8c7-5363229afa38]: Assigning socketPath: \\?\pipe\C:\Users\purwi\Desktop\projekt\amazon-clone\functions\15904 {"metadata":{"emulator":{"name":"functions"},"message":"[worker-api-1954c85c-3377-42e3-b8c7-5363229afa38]: Assigning socketPath: \\\\?\\pipe\\C:\\Users\\purwi\\Desktop\\projekt\\amazon-clone\\functions\\15904"}}
[debug] [2020-12-20T18:06:59.285Z] [worker-api-1954c85c-3377-42e3-b8c7-5363229afa38]: BUSY {"metadata":{"emulator":{"name":"functions"},"message":"[worker-api-1954c85c-3377-42e3-b8c7-5363229afa38]: BUSY"}}
[debug] [2020-12-20T18:06:59.285Z] [runtime-status] [15904] Trigger "api" has been found, beginning invocation! {"metadata":{"emulator":{"name":"functions"},"function":{"name":"api"},"message":"[runtime-status] [15904] Trigger \"api\" has been found, beginning invocation!"}}
[info] i  functions: Beginning execution of "api" {"metadata":{"emulator":{"name":"functions"},"function":{"name":"api"},"message":"Beginning execution of \"api\""}}
[debug] [2020-12-20T18:06:59.286Z] [runtime-status] [15904] triggerDefinition {"httpsTrigger":{},"name":"api","entryPoint":"api"} {"metadata":{"emulator":{"name":"functions"},"function":{"name":"api"},"message":"[runtime-status] [15904] triggerDefinition {\"httpsTrigger\":{},\"name\":\"api\",\"entryPoint\":\"api\"}"}}
[debug] [2020-12-20T18:06:59.286Z] [runtime-status] [15904] Running api in mode HTTPS {"metadata":{"emulator":{"name":"functions"},"function":{"name":"api"},"message":"[runtime-status] [15904] Running api in mode HTTPS"}}
[debug] [2020-12-20T18:06:59.287Z] [runtime-status] [15904] Attempting to listen to socketPath: \\?\pipe\C:\Users\purwi\Desktop\projekt\amazon-clone\functions\15904 {"metadata":{"emulator":{"name":"functions"},"function":{"name":"api"},"message":"[runtime-status] [15904] Attempting to listen to socketPath: \\\\?\\pipe\\C:\\Users\\purwi\\Desktop\\projekt\\amazon-clone\\functions\\15904"}}
[debug] [2020-12-20T18:06:59.287Z] [functions] Runtime ready! Sending request! {"metadata":{"emulator":{"name":"functions"},"message":"[functions] Runtime ready! Sending request!"}}
[debug] [2020-12-20T18:06:59.291Z] [runtime-status] [15904] Ephemeral server handling GET request {"metadata":{"emulator":{"name":"functions"},"function":{"name":"api"},"message":"[runtime-status] [15904] Ephemeral server handling GET request"}}
[debug] [2020-12-20T18:06:59.296Z] [runtime-status] [15904] Ephemeral server survived. {"metadata":{"emulator":{"name":"functions"},"function":{"name":"api"},"message":"[runtime-status] [15904] Ephemeral server survived."}}
[info] i  functions: Finished "api" in ~1s {"metadata":{"emulator":{"name":"functions"},"function":{"name":"api"},"message":"Finished \"api\" in ~1s"}}
[debug] [2020-12-20T18:06:59.364Z] [worker-api-1954c85c-3377-42e3-b8c7-5363229afa38]: IDLE {"metadata":{"emulator":{"name":"functions"},"message":"[worker-api-1954c85c-3377-42e3-b8c7-5363229afa38]: IDLE"}}
[debug] [2020-12-20T18:06:59.365Z] [work-queue] {"queueLength":0,"workRunningCount":0}
[debug] [2020-12-20T18:06:59.497Z] Functions emulator received unknown request at path /favicon.ico
[info] i  hosting: 127.0.0.1 - - [20/Dec/2020:18:07:07 +0000] "GET / HTTP/1.1" 200 3032 "-" "Mozilla/5.0 (Windows NT 10.0; Win64; x64) AppleWebKit/537.36 (KHTML, like Gecko) Chrome/87.0.4280.88 Safari/537.36" {"metadata":{"emulator":{"name":"hosting"},"message":"127.0.0.1 - - [20/Dec/2020:18:07:07 +0000] \"GET / HTTP/1.1\" 200 3032 \"-\" \"Mozilla/5.0 (Windows NT 10.0; Win64; x64) AppleWebKit/537.36 (KHTML, like Gecko) Chrome/87.0.4280.88 Safari/537.36\""}}
[info] i  hosting: 127.0.0.1 - - [20/Dec/2020:18:07:07 +0000] "GET /static/css/main.c3c6d82e.chunk.css HTTP/1.1" 200 6071 "http://localhost:5000/" "Mozilla/5.0 (Windows NT 10.0; Win64; x64) AppleWebKit/537.36 (KHTML, like Gecko) Chrome/87.0.4280.88 Safari/537.36" {"metadata":{"emulator":{"name":"hosting"},"message":"127.0.0.1 - - [20/Dec/2020:18:07:07 +0000] \"GET /static/css/main.c3c6d82e.chunk.css HTTP/1.1\" 200 6071 \"http://localhost:5000/\" \"Mozilla/5.0 (Windows NT 10.0; Win64; x64) AppleWebKit/537.36 (KHTML, like Gecko) Chrome/87.0.4280.88 Safari/537.36\""}}
[info] i  hosting: 127.0.0.1 - - [20/Dec/2020:18:07:07 +0000] "GET /static/js/main.c73faab8.chunk.js HTTP/1.1" 200 16259 "http://localhost:5000/" "Mozilla/5.0 (Windows NT 10.0; Win64; x64) AppleWebKit/537.36 (KHTML, like Gecko) Chrome/87.0.4280.88 Safari/537.36" {"metadata":{"emulator":{"name":"hosting"},"message":"127.0.0.1 - - [20/Dec/2020:18:07:07 +0000] \"GET /static/js/main.c73faab8.chunk.js HTTP/1.1\" 200 16259 \"http://localhost:5000/\" \"Mozilla/5.0 (Windows NT 10.0; Win64; x64) AppleWebKit/537.36 (KHTML, like Gecko) Chrome/87.0.4280.88 Safari/537.36\""}}
[info] i  hosting: 127.0.0.1 - - [20/Dec/2020:18:07:08 +0000] "GET /static/js/2.f8725e1f.chunk.js HTTP/1.1" 200 1153906 "http://localhost:5000/" "Mozilla/5.0 (Windows NT 10.0; Win64; x64) AppleWebKit/537.36 (KHTML, like Gecko) Chrome/87.0.4280.88 Safari/537.36" {"metadata":{"emulator":{"name":"hosting"},"message":"127.0.0.1 - - [20/Dec/2020:18:07:08 +0000] \"GET /static/js/2.f8725e1f.chunk.js HTTP/1.1\" 200 1153906 \"http://localhost:5000/\" \"Mozilla/5.0 (Windows NT 10.0; Win64; x64) AppleWebKit/537.36 (KHTML, like Gecko) Chrome/87.0.4280.88 Safari/537.36\""}}
[info] i  hosting: 127.0.0.1 - - [20/Dec/2020:18:07:08 +0000] "GET /manifest.json HTTP/1.1" 200 492 "http://localhost:5000/" "Mozilla/5.0 (Windows NT 10.0; Win64; x64) AppleWebKit/537.36 (KHTML, like Gecko) Chrome/87.0.4280.88 Safari/537.36" {"metadata":{"emulator":{"name":"hosting"},"message":"127.0.0.1 - - [20/Dec/2020:18:07:08 +0000] \"GET /manifest.json HTTP/1.1\" 200 492 \"http://localhost:5000/\" \"Mozilla/5.0 (Windows NT 10.0; Win64; x64) AppleWebKit/537.36 (KHTML, like Gecko) Chrome/87.0.4280.88 Safari/537.36\""}}
[info] i  hosting: 127.0.0.1 - - [20/Dec/2020:18:07:08 +0000] "GET /logo192.png HTTP/1.1" 200 5347 "http://localhost:5000/" "Mozilla/5.0 (Windows NT 10.0; Win64; x64) AppleWebKit/537.36 (KHTML, like Gecko) Chrome/87.0.4280.88 Safari/537.36" {"metadata":{"emulator":{"name":"hosting"},"message":"127.0.0.1 - - [20/Dec/2020:18:07:08 +0000] \"GET /logo192.png HTTP/1.1\" 200 5347 \"http://localhost:5000/\" \"Mozilla/5.0 (Windows NT 10.0; Win64; x64) AppleWebKit/537.36 (KHTML, like Gecko) Chrome/87.0.4280.88 Safari/537.36\""}}
[debug] [2020-12-20T18:07:18.421Z] [work-queue] {"queueLength":1,"workRunningCount":0}
[debug] [2020-12-20T18:07:18.421Z] [work-queue] {"queueLength":0,"workRunningCount":1}
[debug] [2020-12-20T18:07:18.421Z] Accepted request POST /clone-70200/us-central1/api/payments/create?total=29999 --> api
[debug] [2020-12-20T18:07:18.421Z] [worker-pool] submitWork(triggerId=api) {"metadata":{"emulator":{"name":"functions"},"message":"[worker-pool] submitWork(triggerId=api)"}}
[debug] [2020-12-20T18:07:18.421Z] [worker-api-1954c85c-3377-42e3-b8c7-5363229afa38]: Assigning socketPath: \\?\pipe\C:\Users\purwi\Desktop\projekt\amazon-clone\functions\15904 {"metadata":{"emulator":{"name":"functions"},"message":"[worker-api-1954c85c-3377-42e3-b8c7-5363229afa38]: Assigning socketPath: \\\\?\\pipe\\C:\\Users\\purwi\\Desktop\\projekt\\amazon-clone\\functions\\15904"}}
[debug] [2020-12-20T18:07:18.422Z] [worker-api-1954c85c-3377-42e3-b8c7-5363229afa38]: BUSY {"metadata":{"emulator":{"name":"functions"},"message":"[worker-api-1954c85c-3377-42e3-b8c7-5363229afa38]: BUSY"}}
[debug] [2020-12-20T18:07:18.422Z] [runtime-status] [15904] Trigger "api" has been found, beginning invocation! {"metadata":{"emulator":{"name":"functions"},"function":{"name":"api"},"message":"[runtime-status] [15904] Trigger \"api\" has been found, beginning invocation!"}}
[info] i  functions: Beginning execution of "api" {"metadata":{"emulator":{"name":"functions"},"function":{"name":"api"},"message":"Beginning execution of \"api\""}}
[debug] [2020-12-20T18:07:18.424Z] [runtime-status] [15904] triggerDefinition {"httpsTrigger":{},"name":"api","entryPoint":"api"} {"metadata":{"emulator":{"name":"functions"},"function":{"name":"api"},"message":"[runtime-status] [15904] triggerDefinition {\"httpsTrigger\":{},\"name\":\"api\",\"entryPoint\":\"api\"}"}}
[debug] [2020-12-20T18:07:18.425Z] [runtime-status] [15904] Running api in mode HTTPS {"metadata":{"emulator":{"name":"functions"},"function":{"name":"api"},"message":"[runtime-status] [15904] Running api in mode HTTPS"}}
[debug] [2020-12-20T18:07:18.425Z] [runtime-status] [15904] Attempting to listen to socketPath: \\?\pipe\C:\Users\purwi\Desktop\projekt\amazon-clone\functions\15904 {"metadata":{"emulator":{"name":"functions"},"function":{"name":"api"},"message":"[runtime-status] [15904] Attempting to listen to socketPath: \\\\?\\pipe\\C:\\Users\\purwi\\Desktop\\projekt\\amazon-clone\\functions\\15904"}}
[debug] [2020-12-20T18:07:18.427Z] [functions] Runtime ready! Sending request! {"metadata":{"emulator":{"name":"functions"},"message":"[functions] Runtime ready! Sending request!"}}
[debug] [2020-12-20T18:07:18.430Z] [runtime-status] [15904] Ephemeral server handling POST request {"metadata":{"emulator":{"name":"functions"},"function":{"name":"api"},"message":"[runtime-status] [15904] Ephemeral server handling POST request"}}
[info] >  Payment request for an amount ->  29999 {"user":"Payment request for an amount ->  29999","metadata":{"emulator":{"name":"functions"},"function":{"name":"api"},"message":"\u001b[90m> \u001b[39m Payment request for an amount ->  29999"}}
[debug] [2020-12-20T18:07:18.439Z] [runtime-status] [15904] Ephemeral server survived. {"metadata":{"emulator":{"name":"functions"},"function":{"name":"api"},"message":"[runtime-status] [15904] Ephemeral server survived."}}
[info] i  functions: Finished "api" in ~1s {"metadata":{"emulator":{"name":"functions"},"function":{"name":"api"},"message":"Finished \"api\" in ~1s"}}
[debug] [2020-12-20T18:07:18.755Z] [worker-api-1954c85c-3377-42e3-b8c7-5363229afa38]: IDLE {"metadata":{"emulator":{"name":"functions"},"message":"[worker-api-1954c85c-3377-42e3-b8c7-5363229afa38]: IDLE"}}
[debug] [2020-12-20T18:07:18.757Z] [work-queue] {"queueLength":0,"workRunningCount":0}
[debug] [2020-12-20T18:07:54.320Z] [worker-api-1954c85c-3377-42e3-b8c7-5363229afa38]: exited {"metadata":{"emulator":{"name":"functions"},"message":"[worker-api-1954c85c-3377-42e3-b8c7-5363229afa38]: exited"}}
[debug] [2020-12-20T18:07:54.320Z] [worker-api-1954c85c-3377-42e3-b8c7-5363229afa38]: FINISHED {"metadata":{"emulator":{"name":"functions"},"message":"[worker-api-1954c85c-3377-42e3-b8c7-5363229afa38]: FINISHED"}}
[debug] [2020-12-20T18:07:54.333Z] [worker-~diagnostic~-42531b74-f2ac-4a49-8df8-3b00377e6da7]: exited {"metadata":{"emulator":{"name":"functions"},"message":"[worker-~diagnostic~-42531b74-f2ac-4a49-8df8-3b00377e6da7]: exited"}}
